{"/Users/nicolasriccardi/Desktop/projects/libraries/sweetrn/src/screens/app/index.tsx": {"path":"/Users/nicolasriccardi/Desktop/projects/libraries/sweetrn/src/screens/app/index.tsx","statementMap":{"0":{"start":{"line":13,"column":32},"end":{"line":21,"column":1}},"1":{"start":{"line":14,"column":2},"end":{"line":14,"column":23}},"2":{"start":{"line":16,"column":2},"end":{"line":20,"column":3}},"3":{"start":{"line":23,"column":18},"end":{"line":26,"column":1}},"4":{"start":{"line":24,"column":37},"end":{"line":24,"column":56}},"5":{"start":{"line":28,"column":14},"end":{"line":30,"column":1}},"6":{"start":{"line":29,"column":26},"end":{"line":29,"column":49}}},"fnMap":{"0":{"name":"(anonymous_0)","decl":{"start":{"line":13,"column":32},"end":{"line":13,"column":33}},"loc":{"start":{"line":13,"column":72},"end":{"line":21,"column":1}},"line":13},"1":{"name":"(anonymous_1)","decl":{"start":{"line":24,"column":22},"end":{"line":24,"column":23}},"loc":{"start":{"line":24,"column":37},"end":{"line":24,"column":56}},"line":24},"2":{"name":"(anonymous_2)","decl":{"start":{"line":29,"column":11},"end":{"line":29,"column":12}},"loc":{"start":{"line":29,"column":26},"end":{"line":29,"column":49}},"line":29}},"branchMap":{},"s":{"0":1,"1":1,"2":1,"3":1,"4":1,"5":1,"6":1},"f":{"0":1,"1":1,"2":1},"b":{},"_coverageSchema":"1a1c01bbd47fc00a2c39e90264f33305004495a9","hash":"5639f52cd088d5098d9abba04b77f64c9546a278"}
,"/Users/nicolasriccardi/Desktop/projects/libraries/sweetrn/src/style/index.tsx": {"path":"/Users/nicolasriccardi/Desktop/projects/libraries/sweetrn/src/style/index.tsx","statementMap":{"0":{"start":{"line":10,"column":54},"end":{"line":12,"column":74}},"1":{"start":{"line":12,"column":19},"end":{"line":12,"column":74}}},"fnMap":{"0":{"name":"(anonymous_0)","decl":{"start":{"line":10,"column":54},"end":{"line":10,"column":55}},"loc":{"start":{"line":12,"column":19},"end":{"line":12,"column":74}},"line":12}},"branchMap":{},"s":{"0":1,"1":1},"f":{"0":1},"b":{},"_coverageSchema":"1a1c01bbd47fc00a2c39e90264f33305004495a9","hash":"90f6b69063e34cb9de4c741412ccd4c653b49487"}
}
